
12월 29, 2021 11:00:14.29 NEW SESSION
12월 29, 2021 11:00:14.29 [13304:19108:1229/110014.292:ERROR:data_pack.cc(126)] Could not open pak file for writing: 다른 프로세스가 파일을 사용 중이기 때문에 프로세스가 액세스 할 수 없습니다. (0x20)
12월 29, 2021 11:00:16.26 [13304:20008:1229/110016.265:ERROR:chrome_browser_main_extra_parts_metrics.cc(226)] crbug.com/1216328: Checking Bluetooth availability started. Please report if there is no report that this ends.
12월 29, 2021 11:00:16.26 [13304:20008:1229/110016.265:ERROR:chrome_browser_main_extra_parts_metrics.cc(229)] crbug.com/1216328: Checking Bluetooth availability ended.
12월 29, 2021 11:00:16.27 [13304:20008:1229/110016.265:ERROR:chrome_browser_main_extra_parts_metrics.cc(232)] crbug.com/1216328: Checking default browser status started. Please report if there is no report that this ends.
12월 29, 2021 11:00:16.27 [13304:20008:1229/110016.272:ERROR:chrome_browser_main_extra_parts_metrics.cc(236)] crbug.com/1216328: Checking default browser status ended.
12월 29, 2021 11:00:16.29 [13304:18956:1229/110016.293:ERROR:device_event_log_impl.cc(214)] [11:00:16.292] USB: usb_device_handle_win.cc:1048 Failed to read descriptor from node connection: 시스템에 부착된 장치가 작동하지 않습니다. (0x1F)

12월 29, 2021 11:32:30.16 NEW SESSION
12월 29, 2021 11:32:30.16 [19040:5968:1229/113230.163:ERROR:data_pack.cc(126)] Could not open pak file for writing: 다른 프로세스가 파일을 사용 중이기 때문에 프로세스가 액세스 할 수 없습니다. (0x20)
12월 29, 2021 11:32:32.38 [19040:5528:1229/113232.382:ERROR:chrome_browser_main_extra_parts_metrics.cc(226)] crbug.com/1216328: Checking Bluetooth availability started. Please report if there is no report that this ends.
12월 29, 2021 11:32:32.38 [19040:5528:1229/113232.382:ERROR:chrome_browser_main_extra_parts_metrics.cc(229)] crbug.com/1216328: Checking Bluetooth availability ended.
12월 29, 2021 11:32:32.39 [19040:5528:1229/113232.382:ERROR:chrome_browser_main_extra_parts_metrics.cc(232)] crbug.com/1216328: Checking default browser status started. Please report if there is no report that this ends.
12월 29, 2021 11:32:32.39 [19040:5528:1229/113232.389:ERROR:chrome_browser_main_extra_parts_metrics.cc(236)] crbug.com/1216328: Checking default browser status ended.
12월 29, 2021 11:32:32.40 [19040:2480:1229/113232.403:ERROR:device_event_log_impl.cc(214)] [11:32:32.403] USB: usb_device_handle_win.cc:1048 Failed to read descriptor from node connection: 시스템에 부착된 장치가 작동하지 않습니다. (0x1F)
12월 29, 2021 12:01:56.90 [8928:14976:1229/120156.899:ERROR:data_pack.cc(126)] Could not open pak file for writing: 다른 프로세스가 파일을 사용 중이기 때문에 프로세스가 액세스 할 수 없습니다. (0x20)
12월 29, 2021 12:01:59.58 [8928:19220:1229/120159.581:ERROR:chrome_browser_main_extra_parts_metrics.cc(226)] crbug.com/1216328: Checking Bluetooth availability started. Please report if there is no report that this ends.
12월 29, 2021 12:01:59.58 [8928:19220:1229/120159.581:ERROR:chrome_browser_main_extra_parts_metrics.cc(229)] crbug.com/1216328: Checking Bluetooth availability ended.
12월 29, 2021 12:01:59.58 [8928:19220:1229/120159.581:ERROR:chrome_browser_main_extra_parts_metrics.cc(232)] crbug.com/1216328: Checking default browser status started. Please report if there is no report that this ends.
12월 29, 2021 12:01:59.59 [8928:19220:1229/120159.588:ERROR:chrome_browser_main_extra_parts_metrics.cc(236)] crbug.com/1216328: Checking default browser status ended.
12월 29, 2021 12:01:59.60 [8928:19708:1229/120159.607:ERROR:device_event_log_impl.cc(214)] [12:01:59.607] USB: usb_device_handle_win.cc:1048 Failed to read descriptor from node connection: 시스템에 부착된 장치가 작동하지 않습니다. (0x1F)
